<?xml version="1.0" encoding="UTF-8"?>
<!-- Generated by org.testng.reporters.JUnitReportReporter -->
<testsuite hostname="Carnage" failures="0" tests="1" name="NewTest" time="15.488" errors="0" timestamp="2024-08-16T18:26:44 IST" skipped="0">
  <testcase classname="NewTest" name="method01" time="15.488"/>
</testsuite> <!-- NewTest -->
